<?xml version="1.0" encoding="UTF-8"?>
<!-- Generated by org.testng.reporters.JUnitReportReporter -->
<testsuite hostname="DESKTOP-2T9SIIM" failures="0" tests="1" name="firstSeleniumTests.firstSelTest" time="22.636" errors="0" timestamp="24 May 2023 15:47:33 GMT">
  <testcase classname="firstSeleniumTests.firstSelTest" name="OpenBrowser" time="22.636"/>
</testsuite> <!-- firstSeleniumTests.firstSelTest -->
