<?xml version="1.0" encoding="UTF-8"?>
<!-- Generated by org.testng.reporters.JUnitReportReporter -->
<testsuite hostname="DESKTOP-2T9SIIM" failures="0" tests="6" name="firstSeleniumTests.newDonateTestCases" time="143.255" errors="0" timestamp="24 May 2023 17:13:11 GMT">
  <testcase classname="firstSeleniumTests.newDonateTestCases" name="dontepageTest" time="27.510"/>
  <testcase classname="firstSeleniumTests.newDonateTestCases" name="PriceTransparencyTest" time="16.057"/>
  <testcase classname="firstSeleniumTests.newDonateTestCases" name="BillPay" time="14.906"/>
  <testcase classname="firstSeleniumTests.newDonateTestCases" name="testSpecialtyCare" time="27.198"/>
  <testcase classname="firstSeleniumTests.newDonateTestCases" name="testCareesrTestCase" time="26.286"/>
  <testcase classname="firstSeleniumTests.newDonateTestCases" name="Location" time="31.298"/>
</testsuite> <!-- firstSeleniumTests.newDonateTestCases -->
