<?xml version="1.0" encoding="UTF-8"?>
<!-- Generated by org.testng.reporters.JUnitReportReporter -->
<testsuite hostname="DESKTOP-2T9SIIM" failures="0" tests="1" name="firstSeleniumTests.newDonateTestCases" time="30.945" errors="0" timestamp="24 May 2023 16:05:04 GMT">
  <testcase classname="firstSeleniumTests.newDonateTestCases" name="dontepageTest" time="30.945"/>
</testsuite> <!-- firstSeleniumTests.newDonateTestCases -->
